<?xml version="1.0" encoding="utf-8"?><testsuites><testsuite name="pytest" errors="0" failures="3" skipped="2" tests="16" time="0.112" timestamp="2022-03-29T16:59:51.719917" hostname="LAPTOP-Q111ACQ4"><testcase classname="test_Calculator" name="test_add[3-2-5]" time="0.001" /><testcase classname="test_Calculator" name="test_add[10-2-16]" time="0.001"><skipped type="pytest.xfail" message="" /></testcase><testcase classname="test_Calculator" name="test_add[7-8-15]" time="0.001" /><testcase classname="test_Calculator" name="test_add[2-5-8]" time="0.001"><skipped type="pytest.xfail" message="" /></testcase><testcase classname="test_Calculator" name="test_sub[10-2-8]" time="0.001" /><testcase classname="test_Calculator" name="test_sub[10-2-18]" time="0.001"><failure message="assert 18 == 8">a = 10, b = 2, c = 18

    @pytest.mark.parametrize("a,b,c",[(10,2,8),(10,2,18),(8,7,2),(12,5,7)])
    def test_sub(a,b,c):
        result = Calculator.sub(a,b)
&gt;       assert c ==result
E       assert 18 == 8

test_Calculator.py:11: AssertionError</failure></testcase><testcase classname="test_Calculator" name="test_sub[8-7-2]" time="0.001"><failure message="assert 2 == 1">a = 8, b = 7, c = 2

    @pytest.mark.parametrize("a,b,c",[(10,2,8),(10,2,18),(8,7,2),(12,5,7)])
    def test_sub(a,b,c):
        result = Calculator.sub(a,b)
&gt;       assert c ==result
E       assert 2 == 1

test_Calculator.py:11: AssertionError</failure></testcase><testcase classname="test_Calculator" name="test_sub[12-5-7]" time="0.001" /><testcase classname="test_Calculator" name="test_mul[3-2-5]" time="0.001"><failure message="assert 5 == 6">a = 3, b = 2, c = 5

    @pytest.mark.parametrize("a,b,c",[(3,2,5),(10,12,120),(7,8,56),(2,5,10)])
    def test_mul(a,b,c):
        result= Calculator.mul(a,b)
&gt;       assert c ==result
E       assert 5 == 6

test_Calculator.py:15: AssertionError</failure></testcase><testcase classname="test_Calculator" name="test_mul[10-12-120]" time="0.001" /><testcase classname="test_Calculator" name="test_mul[7-8-56]" time="0.001" /><testcase classname="test_Calculator" name="test_mul[2-5-10]" time="0.001" /><testcase classname="test_Calculator" name="test_div[30-2-15]" time="0.001" /><testcase classname="test_Calculator" name="test_div[10-2-5]" time="0.001" /><testcase classname="test_Calculator" name="test_div[27-3-9]" time="0.001" /><testcase classname="test_Calculator" name="test_div[12-2-6]" time="0.001" /></testsuite></testsuites>